{"numFailedTestSuites":0,"numFailedTests":0,"numPassedTestSuites":1,"numPassedTests":36,"numPendingTestSuites":0,"numPendingTests":0,"numRuntimeErrorTestSuites":0,"numTodoTests":0,"numTotalTestSuites":1,"numTotalTests":36,"openHandles":[],"snapshot":{"added":0,"didUpdate":false,"failure":false,"filesAdded":0,"filesRemoved":0,"filesRemovedList":[],"filesUnmatched":0,"filesUpdated":0,"matched":0,"total":0,"unchecked":0,"uncheckedKeysByFile":[],"unmatched":0,"updated":0},"startTime":1584921834088,"success":true,"testResults":[{"assertionResults":[{"ancestorTitles":["chromium type and fill test","headless: false","method: type"],"failureMessages":[],"fullName":"chromium type and fill test headless: false method: type should update input values inside bootstrap modal","location":null,"status":"passed","title":"should update input values inside bootstrap modal"},{"ancestorTitles":["chromium type and fill test","headless: false","method: type"],"failureMessages":[],"fullName":"chromium type and fill test headless: false method: type should update input values outside modal","location":null,"status":"passed","title":"should update input values outside modal"},{"ancestorTitles":["chromium type and fill test","headless: false","method: type"],"failureMessages":[],"fullName":"chromium type and fill test headless: false method: type should update input values inside vuetify modal","location":null,"status":"passed","title":"should update input values inside vuetify modal"},{"ancestorTitles":["chromium type and fill test","headless: false","method: fill"],"failureMessages":[],"fullName":"chromium type and fill test headless: false method: fill should update input values inside bootstrap modal","location":null,"status":"passed","title":"should update input values inside bootstrap modal"},{"ancestorTitles":["chromium type and fill test","headless: false","method: fill"],"failureMessages":[],"fullName":"chromium type and fill test headless: false method: fill should update input values outside modal","location":null,"status":"passed","title":"should update input values outside modal"},{"ancestorTitles":["chromium type and fill test","headless: false","method: fill"],"failureMessages":[],"fullName":"chromium type and fill test headless: false method: fill should update input values inside vuetify modal","location":null,"status":"passed","title":"should update input values inside vuetify modal"},{"ancestorTitles":["chromium type and fill test","headless: true","method: type"],"failureMessages":[],"fullName":"chromium type and fill test headless: true method: type should update input values inside bootstrap modal","location":null,"status":"passed","title":"should update input values inside bootstrap modal"},{"ancestorTitles":["chromium type and fill test","headless: true","method: type"],"failureMessages":[],"fullName":"chromium type and fill test headless: true method: type should update input values outside modal","location":null,"status":"passed","title":"should update input values outside modal"},{"ancestorTitles":["chromium type and fill test","headless: true","method: type"],"failureMessages":[],"fullName":"chromium type and fill test headless: true method: type should update input values inside vuetify modal","location":null,"status":"passed","title":"should update input values inside vuetify modal"},{"ancestorTitles":["chromium type and fill test","headless: true","method: fill"],"failureMessages":[],"fullName":"chromium type and fill test headless: true method: fill should update input values inside bootstrap modal","location":null,"status":"passed","title":"should update input values inside bootstrap modal"},{"ancestorTitles":["chromium type and fill test","headless: true","method: fill"],"failureMessages":[],"fullName":"chromium type and fill test headless: true method: fill should update input values outside modal","location":null,"status":"passed","title":"should update input values outside modal"},{"ancestorTitles":["chromium type and fill test","headless: true","method: fill"],"failureMessages":[],"fullName":"chromium type and fill test headless: true method: fill should update input values inside vuetify modal","location":null,"status":"passed","title":"should update input values inside vuetify modal"},{"ancestorTitles":["firefox type and fill test","headless: false","method: type"],"failureMessages":[],"fullName":"firefox type and fill test headless: false method: type should update input values inside bootstrap modal","location":null,"status":"passed","title":"should update input values inside bootstrap modal"},{"ancestorTitles":["firefox type and fill test","headless: false","method: type"],"failureMessages":[],"fullName":"firefox type and fill test headless: false method: type should update input values outside modal","location":null,"status":"passed","title":"should update input values outside modal"},{"ancestorTitles":["firefox type and fill test","headless: false","method: type"],"failureMessages":[],"fullName":"firefox type and fill test headless: false method: type should update input values inside vuetify modal","location":null,"status":"passed","title":"should update input values inside vuetify modal"},{"ancestorTitles":["firefox type and fill test","headless: false","method: fill"],"failureMessages":[],"fullName":"firefox type and fill test headless: false method: fill should update input values inside bootstrap modal","location":null,"status":"passed","title":"should update input values inside bootstrap modal"},{"ancestorTitles":["firefox type and fill test","headless: false","method: fill"],"failureMessages":[],"fullName":"firefox type and fill test headless: false method: fill should update input values outside modal","location":null,"status":"passed","title":"should update input values outside modal"},{"ancestorTitles":["firefox type and fill test","headless: false","method: fill"],"failureMessages":[],"fullName":"firefox type and fill test headless: false method: fill should update input values inside vuetify modal","location":null,"status":"passed","title":"should update input values inside vuetify modal"},{"ancestorTitles":["firefox type and fill test","headless: true","method: type"],"failureMessages":[],"fullName":"firefox type and fill test headless: true method: type should update input values inside bootstrap modal","location":null,"status":"passed","title":"should update input values inside bootstrap modal"},{"ancestorTitles":["firefox type and fill test","headless: true","method: type"],"failureMessages":[],"fullName":"firefox type and fill test headless: true method: type should update input values outside modal","location":null,"status":"passed","title":"should update input values outside modal"},{"ancestorTitles":["firefox type and fill test","headless: true","method: type"],"failureMessages":[],"fullName":"firefox type and fill test headless: true method: type should update input values inside vuetify modal","location":null,"status":"passed","title":"should update input values inside vuetify modal"},{"ancestorTitles":["firefox type and fill test","headless: true","method: fill"],"failureMessages":[],"fullName":"firefox type and fill test headless: true method: fill should update input values inside bootstrap modal","location":null,"status":"passed","title":"should update input values inside bootstrap modal"},{"ancestorTitles":["firefox type and fill test","headless: true","method: fill"],"failureMessages":[],"fullName":"firefox type and fill test headless: true method: fill should update input values outside modal","location":null,"status":"passed","title":"should update input values outside modal"},{"ancestorTitles":["firefox type and fill test","headless: true","method: fill"],"failureMessages":[],"fullName":"firefox type and fill test headless: true method: fill should update input values inside vuetify modal","location":null,"status":"passed","title":"should update input values inside vuetify modal"},{"ancestorTitles":["webkit type and fill test","headless: false","method: type"],"failureMessages":[],"fullName":"webkit type and fill test headless: false method: type should update input values inside bootstrap modal","location":null,"status":"passed","title":"should update input values inside bootstrap modal"},{"ancestorTitles":["webkit type and fill test","headless: false","method: type"],"failureMessages":[],"fullName":"webkit type and fill test headless: false method: type should update input values outside modal","location":null,"status":"passed","title":"should update input values outside modal"},{"ancestorTitles":["webkit type and fill test","headless: false","method: type"],"failureMessages":[],"fullName":"webkit type and fill test headless: false method: type should update input values inside vuetify modal","location":null,"status":"passed","title":"should update input values inside vuetify modal"},{"ancestorTitles":["webkit type and fill test","headless: false","method: fill"],"failureMessages":[],"fullName":"webkit type and fill test headless: false method: fill should update input values inside bootstrap modal","location":null,"status":"passed","title":"should update input values inside bootstrap modal"},{"ancestorTitles":["webkit type and fill test","headless: false","method: fill"],"failureMessages":[],"fullName":"webkit type and fill test headless: false method: fill should update input values outside modal","location":null,"status":"passed","title":"should update input values outside modal"},{"ancestorTitles":["webkit type and fill test","headless: false","method: fill"],"failureMessages":[],"fullName":"webkit type and fill test headless: false method: fill should update input values inside vuetify modal","location":null,"status":"passed","title":"should update input values inside vuetify modal"},{"ancestorTitles":["webkit type and fill test","headless: true","method: type"],"failureMessages":[],"fullName":"webkit type and fill test headless: true method: type should update input values inside bootstrap modal","location":null,"status":"passed","title":"should update input values inside bootstrap modal"},{"ancestorTitles":["webkit type and fill test","headless: true","method: type"],"failureMessages":[],"fullName":"webkit type and fill test headless: true method: type should update input values outside modal","location":null,"status":"passed","title":"should update input values outside modal"},{"ancestorTitles":["webkit type and fill test","headless: true","method: type"],"failureMessages":[],"fullName":"webkit type and fill test headless: true method: type should update input values inside vuetify modal","location":null,"status":"passed","title":"should update input values inside vuetify modal"},{"ancestorTitles":["webkit type and fill test","headless: true","method: fill"],"failureMessages":[],"fullName":"webkit type and fill test headless: true method: fill should update input values inside bootstrap modal","location":null,"status":"passed","title":"should update input values inside bootstrap modal"},{"ancestorTitles":["webkit type and fill test","headless: true","method: fill"],"failureMessages":[],"fullName":"webkit type and fill test headless: true method: fill should update input values outside modal","location":null,"status":"passed","title":"should update input values outside modal"},{"ancestorTitles":["webkit type and fill test","headless: true","method: fill"],"failureMessages":[],"fullName":"webkit type and fill test headless: true method: fill should update input values inside vuetify modal","location":null,"status":"passed","title":"should update input values inside vuetify modal"}],"endTime":1584921947400,"message":"","name":"/Users/aes/sandbox/playwright-screenshot/src/playwright.spec.js","startTime":1584921835299,"status":"passed","summary":""}],"wasInterrupted":false}